Determining if the pthread_create exist failed with the following output:
Change Dir: /home/jackdaw/ros/ros_pointcloud/src/ORB_SLAM2_dense/build/CMakeFiles/CMakeTmp

Run Build Command:"/usr/bin/make" "cmTC_4e988/fast"
/usr/bin/make -f CMakeFiles/cmTC_4e988.dir/build.make CMakeFiles/cmTC_4e988.dir/build
make[1]: 进入目录“/home/jackdaw/ros/ros_pointcloud/src/ORB_SLAM2_dense/build/CMakeFiles/CMakeTmp”
Building C object CMakeFiles/cmTC_4e988.dir/CheckSymbolExists.c.o
/usr/bin/cc   -Wall  -O3 -march=native -fPIC -lrt    -o CMakeFiles/cmTC_4e988.dir/CheckSymbolExists.c.o   -c /home/jackdaw/ros/ros_pointcloud/src/ORB_SLAM2_dense/build/CMakeFiles/CMakeTmp/CheckSymbolExists.c
Linking C executable cmTC_4e988
/usr/bin/cmake -E cmake_link_script CMakeFiles/cmTC_4e988.dir/link.txt --verbose=1
/usr/bin/cc   -Wall  -O3 -march=native -fPIC -lrt     -rdynamic CMakeFiles/cmTC_4e988.dir/CheckSymbolExists.c.o  -o cmTC_4e988 
CMakeFiles/cmTC_4e988.dir/CheckSymbolExists.c.o：在函数‘main’中：
CheckSymbolExists.c:(.text.startup+0x3)：对‘pthread_create’未定义的引用
collect2: error: ld returned 1 exit status
CMakeFiles/cmTC_4e988.dir/build.make:97: recipe for target 'cmTC_4e988' failed
make[1]: *** [cmTC_4e988] Error 1
make[1]: 离开目录“/home/jackdaw/ros/ros_pointcloud/src/ORB_SLAM2_dense/build/CMakeFiles/CMakeTmp”
Makefile:126: recipe for target 'cmTC_4e988/fast' failed
make: *** [cmTC_4e988/fast] Error 2

File /home/jackdaw/ros/ros_pointcloud/src/ORB_SLAM2_dense/build/CMakeFiles/CMakeTmp/CheckSymbolExists.c:
/* */
#include <pthread.h>

int main(int argc, char** argv)
{
  (void)argv;
#ifndef pthread_create
  return ((int*)(&pthread_create))[argc];
#else
  (void)argc;
  return 0;
#endif
}

Determining if the function pthread_create exists in the pthreads failed with the following output:
Change Dir: /home/jackdaw/ros/ros_pointcloud/src/ORB_SLAM2_dense/build/CMakeFiles/CMakeTmp

Run Build Command:"/usr/bin/make" "cmTC_6c4d4/fast"
/usr/bin/make -f CMakeFiles/cmTC_6c4d4.dir/build.make CMakeFiles/cmTC_6c4d4.dir/build
make[1]: 进入目录“/home/jackdaw/ros/ros_pointcloud/src/ORB_SLAM2_dense/build/CMakeFiles/CMakeTmp”
Building C object CMakeFiles/cmTC_6c4d4.dir/CheckFunctionExists.c.o
/usr/bin/cc   -Wall  -O3 -march=native -fPIC -lrt -DCHECK_FUNCTION_EXISTS=pthread_create   -o CMakeFiles/cmTC_6c4d4.dir/CheckFunctionExists.c.o   -c /usr/share/cmake-3.10/Modules/CheckFunctionExists.c
Linking C executable cmTC_6c4d4
/usr/bin/cmake -E cmake_link_script CMakeFiles/cmTC_6c4d4.dir/link.txt --verbose=1
/usr/bin/cc   -Wall  -O3 -march=native -fPIC -lrt -DCHECK_FUNCTION_EXISTS=pthread_create    -rdynamic CMakeFiles/cmTC_6c4d4.dir/CheckFunctionExists.c.o  -o cmTC_6c4d4 -lpthreads 
/usr/bin/ld: 找不到 -lpthreads
collect2: error: ld returned 1 exit status
CMakeFiles/cmTC_6c4d4.dir/build.make:97: recipe for target 'cmTC_6c4d4' failed
make[1]: *** [cmTC_6c4d4] Error 1
make[1]: 离开目录“/home/jackdaw/ros/ros_pointcloud/src/ORB_SLAM2_dense/build/CMakeFiles/CMakeTmp”
Makefile:126: recipe for target 'cmTC_6c4d4/fast' failed
make: *** [cmTC_6c4d4/fast] Error 2


